<?xml version="1.0" encoding="UTF-8"?>
<!-- Generated by org.testng.reporters.JUnitXMLReporter -->
<testsuite ignored="0" hostname="LAPTOP-MQBV8I92" failures="0" tests="3" name="Default test" time="11.167" errors="0" timestamp="2023-07-19T11:15:35 IST">
  <testcase classname="testcases.LoginTestCase" name="verifyLogin" time="0.625"/>
  <testcase classname="testcases.LoginTestCase" name="verifyLogin" time="0.764"/>
  <testcase classname="testcases.LoginTestCase" name="verifyLogin" time="0.876"/>
</testsuite> <!-- Default test -->
