<?xml version="1.0" encoding="UTF-8"?>
<!-- Generated by org.testng.reporters.JUnitXMLReporter -->
<testsuite ignored="0" hostname="LAPTOP-MQBV8I92" failures="0" tests="4" name="Test" time="20.451" errors="0" timestamp="2023-07-19T11:16:05 IST">
  <testcase classname="testcases.LoginTestCase" name="verifyLogin" time="0.541"/>
  <testcase classname="testcases.LoginTestCase" name="verifyLogin" time="0.588"/>
  <testcase classname="testcases.LoginTestCase" name="verifyLogin" time="0.462"/>
  <testcase classname="testcases.SignupTestCase" name="verifySignup" time="5.945"/>
</testsuite> <!-- Test -->
