<?xml version="1.0" encoding="UTF-8"?>
<testng-results ignored="0" total="4" passed="4" failed="0" skipped="0">
  <reporter-output>
  </reporter-output>
  <suite started-at="2023-07-19T11:15:44 IST" name="Suite" finished-at="2023-07-19T11:16:05 IST" duration-ms="20451">
    <groups>
    </groups>
    <test started-at="2023-07-19T11:15:44 IST" name="Test" finished-at="2023-07-19T11:16:05 IST" duration-ms="20451">
      <class name="testcases.LoginTestCase">
        <test-method is-config="true" signature="launchBrowserandURL()[pri:0, instance:testcases.LoginTestCase@76505305]" started-at="2023-07-19T11:15:44 IST" name="launchBrowserandURL" finished-at="2023-07-19T11:15:48 IST" duration-ms="3572" status="PASS">
          <reporter-output>
          </reporter-output>
        </test-method> <!-- launchBrowserandURL -->
        <test-method signature="verifyLogin(java.lang.String,java.lang.String)[pri:0, instance:testcases.LoginTestCase@76505305]" started-at="2023-07-19T11:15:48 IST" name="verifyLogin" data-provider="testData" finished-at="2023-07-19T11:15:48 IST" duration-ms="541" status="PASS">
          <params>
            <param index="0">
              <value>
                <![CDATA[Omkar]]>
              </value>
            </param>
            <param index="1">
              <value>
                <![CDATA[secure123]]>
              </value>
            </param>
          </params>
          <reporter-output>
          </reporter-output>
        </test-method> <!-- verifyLogin -->
        <test-method is-config="true" signature="launchBrowserandURL()[pri:0, instance:testcases.LoginTestCase@76505305]" started-at="2023-07-19T11:15:48 IST" name="launchBrowserandURL" finished-at="2023-07-19T11:15:51 IST" duration-ms="2773" status="PASS">
          <reporter-output>
          </reporter-output>
        </test-method> <!-- launchBrowserandURL -->
        <test-method signature="verifyLogin(java.lang.String,java.lang.String)[pri:0, instance:testcases.LoginTestCase@76505305]" started-at="2023-07-19T11:15:51 IST" name="verifyLogin" data-provider="testData" finished-at="2023-07-19T11:15:52 IST" duration-ms="588" status="PASS">
          <params>
            <param index="0">
              <value>
                <![CDATA[Darshana]]>
              </value>
            </param>
            <param index="1">
              <value>
                <![CDATA[secure456]]>
              </value>
            </param>
          </params>
          <reporter-output>
          </reporter-output>
        </test-method> <!-- verifyLogin -->
        <test-method is-config="true" signature="launchBrowserandURL()[pri:0, instance:testcases.LoginTestCase@76505305]" started-at="2023-07-19T11:15:52 IST" name="launchBrowserandURL" finished-at="2023-07-19T11:15:55 IST" duration-ms="3083" status="PASS">
          <reporter-output>
          </reporter-output>
        </test-method> <!-- launchBrowserandURL -->
        <test-method signature="verifyLogin(java.lang.String,java.lang.String)[pri:0, instance:testcases.LoginTestCase@76505305]" started-at="2023-07-19T11:15:55 IST" name="verifyLogin" data-provider="testData" finished-at="2023-07-19T11:15:55 IST" duration-ms="462" status="PASS">
          <params>
            <param index="0">
              <value>
                <![CDATA[Ramesh]]>
              </value>
            </param>
            <param index="1">
              <value>
                <![CDATA[secure789]]>
              </value>
            </param>
          </params>
          <reporter-output>
          </reporter-output>
        </test-method> <!-- verifyLogin -->
      </class> <!-- testcases.LoginTestCase -->
      <class name="testcases.SignupTestCase">
        <test-method is-config="true" signature="launchBrowserandURL()[pri:0, instance:testcases.SignupTestCase@3c41ed1d]" started-at="2023-07-19T11:15:55 IST" name="launchBrowserandURL" finished-at="2023-07-19T11:15:59 IST" duration-ms="3429" status="PASS">
          <reporter-output>
          </reporter-output>
        </test-method> <!-- launchBrowserandURL -->
        <test-method signature="verifySignup()[pri:0, instance:testcases.SignupTestCase@3c41ed1d]" started-at="2023-07-19T11:15:59 IST" name="verifySignup" finished-at="2023-07-19T11:16:05 IST" duration-ms="5945" status="PASS">
          <reporter-output>
          </reporter-output>
        </test-method> <!-- verifySignup -->
      </class> <!-- testcases.SignupTestCase -->
    </test> <!-- Test -->
  </suite> <!-- Suite -->
</testng-results>
